<?xml version="1.0" encoding="UTF-8"?>
<coverage generated="1528837048270" clover="3.2.0">
  <project timestamp="1528837048270" name="All files">
    <metrics statements="9" coveredstatements="7" conditionals="0" coveredconditionals="0" methods="5" coveredmethods="3" elements="14" coveredelements="10" complexity="0" loc="9" ncloc="9" packages="1" files="3" classes="3">
      <file name="Search.js" path="/Users/btholt/Desktop/fluent/src/Search.js">
        <metrics statements="4" coveredstatements="3" conditionals="0" coveredconditionals="0" methods="4" coveredmethods="3"/>
        <line num="10" count="0" type="stmt"/>
        <line num="15" count="1" type="stmt"/>
        <line num="30" count="15" type="stmt"/>
        <line num="34" count="15" type="stmt"/>
      </file>
      <file name="ShowCard.js" path="/Users/btholt/Desktop/fluent/src/ShowCard.js">
        <metrics statements="4" coveredstatements="3" conditionals="0" coveredconditionals="0" methods="1" coveredmethods="0"/>
        <line num="5" count="1" type="stmt"/>
        <line num="14" count="1" type="stmt"/>
        <line num="15" count="0" type="stmt"/>
        <line num="28" count="1" type="stmt"/>
      </file>
      <file name="jestSetup.js" path="/Users/btholt/Desktop/fluent/src/jestSetup.js">
        <metrics statements="1" coveredstatements="1" conditionals="0" coveredconditionals="0" methods="0" coveredmethods="0"/>
        <line num="4" count="1" type="stmt"/>
      </file>
    </metrics>
  </project>
</coverage>
