{"/Users/btholt/Desktop/fluent/src/Search.js": {"path":"/Users/btholt/Desktop/fluent/src/Search.js","statementMap":{"0":{"start":{"line":10,"column":4},"end":{"line":12,"column":7}},"1":{"start":{"line":15,"column":4},"end":{"line":37,"column":6}},"2":{"start":{"line":30,"column":16},"end":{"line":32,"column":68}},"3":{"start":{"line":34,"column":27},"end":{"line":34,"column":71}}},"fnMap":{"0":{"name":"(anonymous_0)","decl":{"start":{"line":9,"column":27},"end":{"line":9,"column":28}},"loc":{"start":{"line":9,"column":36},"end":{"line":13,"column":3}},"line":9},"1":{"name":"(anonymous_1)","decl":{"start":{"line":14,"column":2},"end":{"line":14,"column":3}},"loc":{"start":{"line":14,"column":11},"end":{"line":38,"column":3}},"line":14},"2":{"name":"(anonymous_2)","decl":{"start":{"line":29,"column":14},"end":{"line":29,"column":15}},"loc":{"start":{"line":30,"column":16},"end":{"line":32,"column":68}},"line":30},"3":{"name":"(anonymous_3)","decl":{"start":{"line":34,"column":17},"end":{"line":34,"column":18}},"loc":{"start":{"line":34,"column":27},"end":{"line":34,"column":71}},"line":34}},"branchMap":{},"s":{"0":0,"1":1,"2":15,"3":15},"f":{"0":0,"1":1,"2":15,"3":15},"b":{},"_coverageSchema":"332fd63041d2c1bcb487cc26dd0d5f7d97098a6c","hash":"a157a1f8bb0736ad099e01c0d73e754402331b3d"}
,"/Users/btholt/Desktop/fluent/src/ShowCard.js": {"path":"/Users/btholt/Desktop/fluent/src/ShowCard.js","statementMap":{"0":{"start":{"line":5,"column":16},"end":{"line":12,"column":1}},"1":{"start":{"line":14,"column":17},"end":{"line":26,"column":1}},"2":{"start":{"line":15,"column":2},"end":{"line":25,"column":12}},"3":{"start":{"line":28,"column":0},"end":{"line":32,"column":2}}},"fnMap":{"0":{"name":"(anonymous_0)","decl":{"start":{"line":14,"column":17},"end":{"line":14,"column":18}},"loc":{"start":{"line":15,"column":2},"end":{"line":25,"column":12}},"line":15}},"branchMap":{},"s":{"0":1,"1":1,"2":0,"3":1},"f":{"0":0},"b":{},"_coverageSchema":"332fd63041d2c1bcb487cc26dd0d5f7d97098a6c","hash":"5b81a43eb0964efa7aee2425bebbef624cbc8dfd"}
,"/Users/btholt/Desktop/fluent/src/jestSetup.js": {"path":"/Users/btholt/Desktop/fluent/src/jestSetup.js","statementMap":{"0":{"start":{"line":4,"column":0},"end":{"line":4,"column":38}}},"fnMap":{},"branchMap":{},"s":{"0":1},"f":{},"b":{},"_coverageSchema":"332fd63041d2c1bcb487cc26dd0d5f7d97098a6c","hash":"53d8feb70b05e83708223716f5d67e9361b5c9ef"}
}
