TN:
SF:/Users/btholt/Desktop/fluent/src/Search.js
FN:9,(anonymous_0)
FN:14,(anonymous_1)
FN:29,(anonymous_2)
FN:34,(anonymous_3)
FNF:4
FNH:3
FNDA:0,(anonymous_0)
FNDA:1,(anonymous_1)
FNDA:15,(anonymous_2)
FNDA:15,(anonymous_3)
DA:10,0
DA:15,1
DA:30,15
DA:34,15
LF:4
LH:3
BRF:0
BRH:0
end_of_record
TN:
SF:/Users/btholt/Desktop/fluent/src/ShowCard.js
FN:14,(anonymous_0)
FNF:1
FNH:0
FNDA:0,(anonymous_0)
DA:5,1
DA:14,1
DA:15,0
DA:28,1
LF:4
LH:3
BRF:0
BRH:0
end_of_record
TN:
SF:/Users/btholt/Desktop/fluent/src/jestSetup.js
FNF:0
FNH:0
DA:4,1
LF:1
LH:1
BRF:0
BRH:0
end_of_record
